[2.380s] Invoking command in '/home/everd/hyper_teleop_ws/src/hyper_teleop': PYTHONPATH=/home/everd/hyper_teleop_ws/build/hyper_teleop/prefix_override:/usr/lib/python3/dist-packages/colcon_core/task/python/colcon_distutils_commands:/home/everd/hyper_teleop_ws/install/hyper_teleop/lib/python3.10/site-packages:${PYTHONPATH} /usr/bin/python3 -W ignore:setup.py install is deprecated -W ignore:easy_install command is deprecated setup.py egg_info --egg-base ../../build/hyper_teleop build --build-base /home/everd/hyper_teleop_ws/build/hyper_teleop/build install --record /home/everd/hyper_teleop_ws/build/hyper_teleop/install.log --single-version-externally-managed install_data
[3.329s] running egg_info
[3.331s] writing ../../build/hyper_teleop/hyper_teleop.egg-info/PKG-INFO
[3.332s] writing dependency_links to ../../build/hyper_teleop/hyper_teleop.egg-info/dependency_links.txt
[3.332s] writing entry points to ../../build/hyper_teleop/hyper_teleop.egg-info/entry_points.txt
[3.333s] writing requirements to ../../build/hyper_teleop/hyper_teleop.egg-info/requires.txt
[3.334s] writing top-level names to ../../build/hyper_teleop/hyper_teleop.egg-info/top_level.txt
[3.340s] reading manifest file '../../build/hyper_teleop/hyper_teleop.egg-info/SOURCES.txt'
[3.345s] writing manifest file '../../build/hyper_teleop/hyper_teleop.egg-info/SOURCES.txt'
[3.345s] running build
[3.345s] running build_py
[3.346s] copying hyper_teleop/bridge_sus.py -> /home/everd/hyper_teleop_ws/build/hyper_teleop/build/lib/hyper_teleop
[3.346s] running install
[3.347s] running install_lib
[3.350s] copying /home/everd/hyper_teleop_ws/build/hyper_teleop/build/lib/hyper_teleop/bridge_sus.py -> /home/everd/hyper_teleop_ws/install/hyper_teleop/lib/python3.10/site-packages/hyper_teleop
[3.352s] byte-compiling /home/everd/hyper_teleop_ws/install/hyper_teleop/lib/python3.10/site-packages/hyper_teleop/bridge_sus.py to bridge_sus.cpython-310.pyc
[3.356s] running install_data
[3.358s] running install_egg_info
[3.364s] removing '/home/everd/hyper_teleop_ws/install/hyper_teleop/lib/python3.10/site-packages/hyper_teleop-0.0.1-py3.10.egg-info' (and everything under it)
[3.366s] Copying ../../build/hyper_teleop/hyper_teleop.egg-info to /home/everd/hyper_teleop_ws/install/hyper_teleop/lib/python3.10/site-packages/hyper_teleop-0.0.1-py3.10.egg-info
[3.369s] running install_scripts
[3.436s] Installing bridge_sus script to /home/everd/hyper_teleop_ws/install/hyper_teleop/lib/hyper_teleop
[3.437s] Installing teleop_chimbo script to /home/everd/hyper_teleop_ws/install/hyper_teleop/lib/hyper_teleop
[3.438s] writing list of installed files to '/home/everd/hyper_teleop_ws/build/hyper_teleop/install.log'
[3.510s] Invoked command in '/home/everd/hyper_teleop_ws/src/hyper_teleop' returned '0': PYTHONPATH=/home/everd/hyper_teleop_ws/build/hyper_teleop/prefix_override:/usr/lib/python3/dist-packages/colcon_core/task/python/colcon_distutils_commands:/home/everd/hyper_teleop_ws/install/hyper_teleop/lib/python3.10/site-packages:${PYTHONPATH} /usr/bin/python3 -W ignore:setup.py install is deprecated -W ignore:easy_install command is deprecated setup.py egg_info --egg-base ../../build/hyper_teleop build --build-base /home/everd/hyper_teleop_ws/build/hyper_teleop/build install --record /home/everd/hyper_teleop_ws/build/hyper_teleop/install.log --single-version-externally-managed install_data
