[1.419s] Invoking command in '/home/tombe/hyper_teleop_ws/src/hyper_teleop': PYTHONPATH=/home/tombe/hyper_teleop_ws/build/hyper_teleop/prefix_override:/usr/lib/python3/dist-packages/colcon_core/task/python/colcon_distutils_commands:/home/tombe/hyper_teleop_ws/install/hyper_teleop/lib/python3.10/site-packages:${PYTHONPATH} /usr/bin/python3 -W ignore:setup.py install is deprecated -W ignore:easy_install command is deprecated setup.py egg_info --egg-base ../../build/hyper_teleop build --build-base /home/tombe/hyper_teleop_ws/build/hyper_teleop/build install --record /home/tombe/hyper_teleop_ws/build/hyper_teleop/install.log --single-version-externally-managed install_data
[1.930s] running egg_info
[1.930s] writing ../../build/hyper_teleop/hyper_teleop.egg-info/PKG-INFO
[1.931s] writing dependency_links to ../../build/hyper_teleop/hyper_teleop.egg-info/dependency_links.txt
[1.931s] writing entry points to ../../build/hyper_teleop/hyper_teleop.egg-info/entry_points.txt
[1.932s] writing requirements to ../../build/hyper_teleop/hyper_teleop.egg-info/requires.txt
[1.932s] writing top-level names to ../../build/hyper_teleop/hyper_teleop.egg-info/top_level.txt
[1.936s] reading manifest file '../../build/hyper_teleop/hyper_teleop.egg-info/SOURCES.txt'
[1.939s] writing manifest file '../../build/hyper_teleop/hyper_teleop.egg-info/SOURCES.txt'
[1.940s] running build
[1.940s] running build_py
[1.940s] copying hyper_teleop/bridge_sus.py -> /home/tombe/hyper_teleop_ws/build/hyper_teleop/build/lib/hyper_teleop
[1.941s] running install
[1.942s] running install_lib
[1.945s] copying /home/tombe/hyper_teleop_ws/build/hyper_teleop/build/lib/hyper_teleop/bridge_sus.py -> /home/tombe/hyper_teleop_ws/install/hyper_teleop/lib/python3.10/site-packages/hyper_teleop
[1.946s] byte-compiling /home/tombe/hyper_teleop_ws/install/hyper_teleop/lib/python3.10/site-packages/hyper_teleop/bridge_sus.py to bridge_sus.cpython-310.pyc
[1.951s] running install_data
[1.952s] running install_egg_info
[1.957s] removing '/home/tombe/hyper_teleop_ws/install/hyper_teleop/lib/python3.10/site-packages/hyper_teleop-0.0.1-py3.10.egg-info' (and everything under it)
[1.960s] Copying ../../build/hyper_teleop/hyper_teleop.egg-info to /home/tombe/hyper_teleop_ws/install/hyper_teleop/lib/python3.10/site-packages/hyper_teleop-0.0.1-py3.10.egg-info
[1.964s] running install_scripts
[2.010s] Installing bridge_sus script to /home/tombe/hyper_teleop_ws/install/hyper_teleop/lib/hyper_teleop
[2.011s] Installing teleop_chimbo script to /home/tombe/hyper_teleop_ws/install/hyper_teleop/lib/hyper_teleop
[2.012s] writing list of installed files to '/home/tombe/hyper_teleop_ws/build/hyper_teleop/install.log'
[2.083s] Invoked command in '/home/tombe/hyper_teleop_ws/src/hyper_teleop' returned '0': PYTHONPATH=/home/tombe/hyper_teleop_ws/build/hyper_teleop/prefix_override:/usr/lib/python3/dist-packages/colcon_core/task/python/colcon_distutils_commands:/home/tombe/hyper_teleop_ws/install/hyper_teleop/lib/python3.10/site-packages:${PYTHONPATH} /usr/bin/python3 -W ignore:setup.py install is deprecated -W ignore:easy_install command is deprecated setup.py egg_info --egg-base ../../build/hyper_teleop build --build-base /home/tombe/hyper_teleop_ws/build/hyper_teleop/build install --record /home/tombe/hyper_teleop_ws/build/hyper_teleop/install.log --single-version-externally-managed install_data
