[0.399s] Invoking command in '/home/tombe/Downloads/hyper_teleop_ws/src/hyper_teleop': PYTHONPATH=/home/tombe/Downloads/hyper_teleop_ws/build/hyper_teleop/prefix_override:/usr/lib/python3/dist-packages/colcon_core/task/python/colcon_distutils_commands:/home/tombe/Downloads/hyper_teleop_ws/install/hyper_teleop/lib/python3.10/site-packages:${PYTHONPATH} /usr/bin/python3 -W ignore:setup.py install is deprecated -W ignore:easy_install command is deprecated setup.py egg_info --egg-base ../../build/hyper_teleop build --build-base /home/tombe/Downloads/hyper_teleop_ws/build/hyper_teleop/build install --record /home/tombe/Downloads/hyper_teleop_ws/build/hyper_teleop/install.log --single-version-externally-managed install_data
[0.546s] running egg_info
[0.546s] writing ../../build/hyper_teleop/hyper_teleop.egg-info/PKG-INFO
[0.546s] writing dependency_links to ../../build/hyper_teleop/hyper_teleop.egg-info/dependency_links.txt
[0.546s] writing entry points to ../../build/hyper_teleop/hyper_teleop.egg-info/entry_points.txt
[0.546s] writing requirements to ../../build/hyper_teleop/hyper_teleop.egg-info/requires.txt
[0.546s] writing top-level names to ../../build/hyper_teleop/hyper_teleop.egg-info/top_level.txt
[0.548s] reading manifest file '../../build/hyper_teleop/hyper_teleop.egg-info/SOURCES.txt'
[0.548s] writing manifest file '../../build/hyper_teleop/hyper_teleop.egg-info/SOURCES.txt'
[0.548s] running build
[0.548s] running build_py
[0.548s] copying hyper_teleop/bridge_sus.py -> /home/tombe/Downloads/hyper_teleop_ws/build/hyper_teleop/build/lib/hyper_teleop
[0.549s] running install
[0.549s] running install_lib
[0.550s] copying /home/tombe/Downloads/hyper_teleop_ws/build/hyper_teleop/build/lib/hyper_teleop/bridge_sus.py -> /home/tombe/Downloads/hyper_teleop_ws/install/hyper_teleop/lib/python3.10/site-packages/hyper_teleop
[0.550s] byte-compiling /home/tombe/Downloads/hyper_teleop_ws/install/hyper_teleop/lib/python3.10/site-packages/hyper_teleop/bridge_sus.py to bridge_sus.cpython-310.pyc
[0.551s] running install_data
[0.552s] running install_egg_info
[0.552s] removing '/home/tombe/Downloads/hyper_teleop_ws/install/hyper_teleop/lib/python3.10/site-packages/hyper_teleop-0.0.1-py3.10.egg-info' (and everything under it)
[0.552s] Copying ../../build/hyper_teleop/hyper_teleop.egg-info to /home/tombe/Downloads/hyper_teleop_ws/install/hyper_teleop/lib/python3.10/site-packages/hyper_teleop-0.0.1-py3.10.egg-info
[0.553s] running install_scripts
[0.565s] Installing bridge_sus script to /home/tombe/Downloads/hyper_teleop_ws/install/hyper_teleop/lib/hyper_teleop
[0.565s] Installing teleop_chimbo script to /home/tombe/Downloads/hyper_teleop_ws/install/hyper_teleop/lib/hyper_teleop
[0.566s] writing list of installed files to '/home/tombe/Downloads/hyper_teleop_ws/build/hyper_teleop/install.log'
[0.581s] Invoked command in '/home/tombe/Downloads/hyper_teleop_ws/src/hyper_teleop' returned '0': PYTHONPATH=/home/tombe/Downloads/hyper_teleop_ws/build/hyper_teleop/prefix_override:/usr/lib/python3/dist-packages/colcon_core/task/python/colcon_distutils_commands:/home/tombe/Downloads/hyper_teleop_ws/install/hyper_teleop/lib/python3.10/site-packages:${PYTHONPATH} /usr/bin/python3 -W ignore:setup.py install is deprecated -W ignore:easy_install command is deprecated setup.py egg_info --egg-base ../../build/hyper_teleop build --build-base /home/tombe/Downloads/hyper_teleop_ws/build/hyper_teleop/build install --record /home/tombe/Downloads/hyper_teleop_ws/build/hyper_teleop/install.log --single-version-externally-managed install_data
