[1.241s] Invoking command in '/home/everd/hyper_teleop_ws/src/hyper_teleop': PYTHONPATH=/home/everd/hyper_teleop_ws/build/hyper_teleop/prefix_override:/usr/lib/python3/dist-packages/colcon_core/task/python/colcon_distutils_commands:/home/everd/hyper_teleop_ws/install/hyper_teleop/lib/python3.10/site-packages:${PYTHONPATH} /usr/bin/python3 -W ignore:setup.py install is deprecated -W ignore:easy_install command is deprecated setup.py egg_info --egg-base ../../build/hyper_teleop build --build-base /home/everd/hyper_teleop_ws/build/hyper_teleop/build install --record /home/everd/hyper_teleop_ws/build/hyper_teleop/install.log --single-version-externally-managed install_data
[1.744s] running egg_info
[1.746s] writing ../../build/hyper_teleop/hyper_teleop.egg-info/PKG-INFO
[1.746s] writing dependency_links to ../../build/hyper_teleop/hyper_teleop.egg-info/dependency_links.txt
[1.747s] writing entry points to ../../build/hyper_teleop/hyper_teleop.egg-info/entry_points.txt
[1.747s] writing requirements to ../../build/hyper_teleop/hyper_teleop.egg-info/requires.txt
[1.747s] writing top-level names to ../../build/hyper_teleop/hyper_teleop.egg-info/top_level.txt
[1.751s] reading manifest file '../../build/hyper_teleop/hyper_teleop.egg-info/SOURCES.txt'
[1.753s] writing manifest file '../../build/hyper_teleop/hyper_teleop.egg-info/SOURCES.txt'
[1.753s] running build
[1.753s] running build_py
[1.754s] running install
[1.755s] running install_lib
[1.757s] running install_data
[1.758s] running install_egg_info
[1.761s] removing '/home/everd/hyper_teleop_ws/install/hyper_teleop/lib/python3.10/site-packages/hyper_teleop-0.0.1-py3.10.egg-info' (and everything under it)
[1.762s] Copying ../../build/hyper_teleop/hyper_teleop.egg-info to /home/everd/hyper_teleop_ws/install/hyper_teleop/lib/python3.10/site-packages/hyper_teleop-0.0.1-py3.10.egg-info
[1.763s] running install_scripts
[1.805s] Installing bridge_sus script to /home/everd/hyper_teleop_ws/install/hyper_teleop/lib/hyper_teleop
[1.805s] Installing teleop_node_limited script to /home/everd/hyper_teleop_ws/install/hyper_teleop/lib/hyper_teleop
[1.806s] writing list of installed files to '/home/everd/hyper_teleop_ws/build/hyper_teleop/install.log'
[1.851s] Invoked command in '/home/everd/hyper_teleop_ws/src/hyper_teleop' returned '0': PYTHONPATH=/home/everd/hyper_teleop_ws/build/hyper_teleop/prefix_override:/usr/lib/python3/dist-packages/colcon_core/task/python/colcon_distutils_commands:/home/everd/hyper_teleop_ws/install/hyper_teleop/lib/python3.10/site-packages:${PYTHONPATH} /usr/bin/python3 -W ignore:setup.py install is deprecated -W ignore:easy_install command is deprecated setup.py egg_info --egg-base ../../build/hyper_teleop build --build-base /home/everd/hyper_teleop_ws/build/hyper_teleop/build install --record /home/everd/hyper_teleop_ws/build/hyper_teleop/install.log --single-version-externally-managed install_data
