[1.558s] Invoking command in '/home/tombe/hyper_teleop_ws/src/hyper_teleop': PYTHONPATH=/home/tombe/hyper_teleop_ws/build/hyper_teleop/prefix_override:/usr/lib/python3/dist-packages/colcon_core/task/python/colcon_distutils_commands:/home/tombe/hyper_teleop_ws/install/hyper_teleop/lib/python3.10/site-packages:${PYTHONPATH} /usr/bin/python3 -W ignore:setup.py install is deprecated -W ignore:easy_install command is deprecated setup.py egg_info --egg-base ../../build/hyper_teleop build --build-base /home/tombe/hyper_teleop_ws/build/hyper_teleop/build install --record /home/tombe/hyper_teleop_ws/build/hyper_teleop/install.log --single-version-externally-managed install_data
[2.045s] running egg_info
[2.046s] writing ../../build/hyper_teleop/hyper_teleop.egg-info/PKG-INFO
[2.046s] writing dependency_links to ../../build/hyper_teleop/hyper_teleop.egg-info/dependency_links.txt
[2.046s] writing entry points to ../../build/hyper_teleop/hyper_teleop.egg-info/entry_points.txt
[2.046s] writing requirements to ../../build/hyper_teleop/hyper_teleop.egg-info/requires.txt
[2.046s] writing top-level names to ../../build/hyper_teleop/hyper_teleop.egg-info/top_level.txt
[2.049s] reading manifest file '../../build/hyper_teleop/hyper_teleop.egg-info/SOURCES.txt'
[2.051s] writing manifest file '../../build/hyper_teleop/hyper_teleop.egg-info/SOURCES.txt'
[2.051s] running build
[2.051s] running build_py
[2.051s] copying hyper_teleop/bridge_sus.py -> /home/tombe/hyper_teleop_ws/build/hyper_teleop/build/lib/hyper_teleop
[2.054s] running install
[2.054s] running install_lib
[2.055s] copying /home/tombe/hyper_teleop_ws/build/hyper_teleop/build/lib/hyper_teleop/bridge_sus.py -> /home/tombe/hyper_teleop_ws/install/hyper_teleop/lib/python3.10/site-packages/hyper_teleop
[2.057s] byte-compiling /home/tombe/hyper_teleop_ws/install/hyper_teleop/lib/python3.10/site-packages/hyper_teleop/bridge_sus.py to bridge_sus.cpython-310.pyc
[2.062s] running install_data
[2.063s] running install_egg_info
[2.068s] removing '/home/tombe/hyper_teleop_ws/install/hyper_teleop/lib/python3.10/site-packages/hyper_teleop-0.0.1-py3.10.egg-info' (and everything under it)
[2.069s] Copying ../../build/hyper_teleop/hyper_teleop.egg-info to /home/tombe/hyper_teleop_ws/install/hyper_teleop/lib/python3.10/site-packages/hyper_teleop-0.0.1-py3.10.egg-info
[2.071s] running install_scripts
[2.115s] Installing bridge_sus script to /home/tombe/hyper_teleop_ws/install/hyper_teleop/lib/hyper_teleop
[2.116s] Installing teleop_chimbo script to /home/tombe/hyper_teleop_ws/install/hyper_teleop/lib/hyper_teleop
[2.117s] writing list of installed files to '/home/tombe/hyper_teleop_ws/build/hyper_teleop/install.log'
[2.163s] Invoked command in '/home/tombe/hyper_teleop_ws/src/hyper_teleop' returned '0': PYTHONPATH=/home/tombe/hyper_teleop_ws/build/hyper_teleop/prefix_override:/usr/lib/python3/dist-packages/colcon_core/task/python/colcon_distutils_commands:/home/tombe/hyper_teleop_ws/install/hyper_teleop/lib/python3.10/site-packages:${PYTHONPATH} /usr/bin/python3 -W ignore:setup.py install is deprecated -W ignore:easy_install command is deprecated setup.py egg_info --egg-base ../../build/hyper_teleop build --build-base /home/tombe/hyper_teleop_ws/build/hyper_teleop/build install --record /home/tombe/hyper_teleop_ws/build/hyper_teleop/install.log --single-version-externally-managed install_data
