[1.530s] Invoking command in '/home/tombe/hyper_teleop_ws/src/hyper_teleop': PYTHONPATH=/home/tombe/hyper_teleop_ws/build/hyper_teleop/prefix_override:/usr/lib/python3/dist-packages/colcon_core/task/python/colcon_distutils_commands:/home/tombe/hyper_teleop_ws/install/hyper_teleop/lib/python3.10/site-packages:${PYTHONPATH} /usr/bin/python3 -W ignore:setup.py install is deprecated -W ignore:easy_install command is deprecated setup.py egg_info --egg-base ../../build/hyper_teleop build --build-base /home/tombe/hyper_teleop_ws/build/hyper_teleop/build install --record /home/tombe/hyper_teleop_ws/build/hyper_teleop/install.log --single-version-externally-managed install_data
[2.022s] running egg_info
[2.023s] writing ../../build/hyper_teleop/hyper_teleop.egg-info/PKG-INFO
[2.023s] writing dependency_links to ../../build/hyper_teleop/hyper_teleop.egg-info/dependency_links.txt
[2.023s] writing entry points to ../../build/hyper_teleop/hyper_teleop.egg-info/entry_points.txt
[2.024s] writing requirements to ../../build/hyper_teleop/hyper_teleop.egg-info/requires.txt
[2.024s] writing top-level names to ../../build/hyper_teleop/hyper_teleop.egg-info/top_level.txt
[2.027s] reading manifest file '../../build/hyper_teleop/hyper_teleop.egg-info/SOURCES.txt'
[2.029s] writing manifest file '../../build/hyper_teleop/hyper_teleop.egg-info/SOURCES.txt'
[2.029s] running build
[2.029s] running build_py
[2.030s] copying hyper_teleop/bridge_sus.py -> /home/tombe/hyper_teleop_ws/build/hyper_teleop/build/lib/hyper_teleop
[2.031s] running install
[2.031s] running install_lib
[2.033s] copying /home/tombe/hyper_teleop_ws/build/hyper_teleop/build/lib/hyper_teleop/bridge_sus.py -> /home/tombe/hyper_teleop_ws/install/hyper_teleop/lib/python3.10/site-packages/hyper_teleop
[2.034s] byte-compiling /home/tombe/hyper_teleop_ws/install/hyper_teleop/lib/python3.10/site-packages/hyper_teleop/bridge_sus.py to bridge_sus.cpython-310.pyc
[2.038s] running install_data
[2.039s] running install_egg_info
[2.043s] removing '/home/tombe/hyper_teleop_ws/install/hyper_teleop/lib/python3.10/site-packages/hyper_teleop-0.0.1-py3.10.egg-info' (and everything under it)
[2.045s] Copying ../../build/hyper_teleop/hyper_teleop.egg-info to /home/tombe/hyper_teleop_ws/install/hyper_teleop/lib/python3.10/site-packages/hyper_teleop-0.0.1-py3.10.egg-info
[2.047s] running install_scripts
[2.092s] Installing bridge_sus script to /home/tombe/hyper_teleop_ws/install/hyper_teleop/lib/hyper_teleop
[2.093s] Installing teleop_chimbo script to /home/tombe/hyper_teleop_ws/install/hyper_teleop/lib/hyper_teleop
[2.093s] writing list of installed files to '/home/tombe/hyper_teleop_ws/build/hyper_teleop/install.log'
[2.134s] Invoked command in '/home/tombe/hyper_teleop_ws/src/hyper_teleop' returned '0': PYTHONPATH=/home/tombe/hyper_teleop_ws/build/hyper_teleop/prefix_override:/usr/lib/python3/dist-packages/colcon_core/task/python/colcon_distutils_commands:/home/tombe/hyper_teleop_ws/install/hyper_teleop/lib/python3.10/site-packages:${PYTHONPATH} /usr/bin/python3 -W ignore:setup.py install is deprecated -W ignore:easy_install command is deprecated setup.py egg_info --egg-base ../../build/hyper_teleop build --build-base /home/tombe/hyper_teleop_ws/build/hyper_teleop/build install --record /home/tombe/hyper_teleop_ws/build/hyper_teleop/install.log --single-version-externally-managed install_data
