[0.407s] Invoking command in '/home/tombe/hyper_teleop_ws/src/hyper_teleop': PYTHONPATH=/home/tombe/hyper_teleop_ws/build/hyper_teleop/prefix_override:/usr/lib/python3/dist-packages/colcon_core/task/python/colcon_distutils_commands:/home/tombe/hyper_teleop_ws/install/hyper_teleop/lib/python3.10/site-packages:${PYTHONPATH} /usr/bin/python3 -W ignore:setup.py install is deprecated -W ignore:easy_install command is deprecated setup.py egg_info --egg-base ../../build/hyper_teleop build --build-base /home/tombe/hyper_teleop_ws/build/hyper_teleop/build install --record /home/tombe/hyper_teleop_ws/build/hyper_teleop/install.log --single-version-externally-managed install_data
[0.558s] running egg_info
[0.558s] writing ../../build/hyper_teleop/hyper_teleop.egg-info/PKG-INFO
[0.558s] writing dependency_links to ../../build/hyper_teleop/hyper_teleop.egg-info/dependency_links.txt
[0.558s] writing entry points to ../../build/hyper_teleop/hyper_teleop.egg-info/entry_points.txt
[0.558s] writing requirements to ../../build/hyper_teleop/hyper_teleop.egg-info/requires.txt
[0.558s] writing top-level names to ../../build/hyper_teleop/hyper_teleop.egg-info/top_level.txt
[0.559s] reading manifest file '../../build/hyper_teleop/hyper_teleop.egg-info/SOURCES.txt'
[0.560s] writing manifest file '../../build/hyper_teleop/hyper_teleop.egg-info/SOURCES.txt'
[0.560s] running build
[0.560s] running build_py
[0.561s] running install
[0.561s] running install_lib
[0.561s] running install_data
[0.561s] running install_egg_info
[0.565s] removing '/home/tombe/hyper_teleop_ws/install/hyper_teleop/lib/python3.10/site-packages/hyper_teleop-0.0.1-py3.10.egg-info' (and everything under it)
[0.565s] Copying ../../build/hyper_teleop/hyper_teleop.egg-info to /home/tombe/hyper_teleop_ws/install/hyper_teleop/lib/python3.10/site-packages/hyper_teleop-0.0.1-py3.10.egg-info
[0.565s] running install_scripts
[0.576s] Installing bridge_sus script to /home/tombe/hyper_teleop_ws/install/hyper_teleop/lib/hyper_teleop
[0.576s] Installing teleop_chimbo script to /home/tombe/hyper_teleop_ws/install/hyper_teleop/lib/hyper_teleop
[0.576s] writing list of installed files to '/home/tombe/hyper_teleop_ws/build/hyper_teleop/install.log'
[0.592s] Invoked command in '/home/tombe/hyper_teleop_ws/src/hyper_teleop' returned '0': PYTHONPATH=/home/tombe/hyper_teleop_ws/build/hyper_teleop/prefix_override:/usr/lib/python3/dist-packages/colcon_core/task/python/colcon_distutils_commands:/home/tombe/hyper_teleop_ws/install/hyper_teleop/lib/python3.10/site-packages:${PYTHONPATH} /usr/bin/python3 -W ignore:setup.py install is deprecated -W ignore:easy_install command is deprecated setup.py egg_info --egg-base ../../build/hyper_teleop build --build-base /home/tombe/hyper_teleop_ws/build/hyper_teleop/build install --record /home/tombe/hyper_teleop_ws/build/hyper_teleop/install.log --single-version-externally-managed install_data
