[1.208s] Invoking command in '/home/everd/hyper_teleop_ws/src/hyper_teleop': PYTHONPATH=/home/everd/hyper_teleop_ws/build/hyper_teleop/prefix_override:/usr/lib/python3/dist-packages/colcon_core/task/python/colcon_distutils_commands:/home/everd/hyper_teleop_ws/install/hyper_teleop/lib/python3.10/site-packages:${PYTHONPATH} /usr/bin/python3 -W ignore:setup.py install is deprecated -W ignore:easy_install command is deprecated setup.py egg_info --egg-base ../../build/hyper_teleop build --build-base /home/everd/hyper_teleop_ws/build/hyper_teleop/build install --record /home/everd/hyper_teleop_ws/build/hyper_teleop/install.log --single-version-externally-managed install_data
[1.677s] running egg_info
[1.678s] creating ../../build/hyper_teleop/hyper_teleop.egg-info
[1.679s] writing ../../build/hyper_teleop/hyper_teleop.egg-info/PKG-INFO
[1.679s] writing dependency_links to ../../build/hyper_teleop/hyper_teleop.egg-info/dependency_links.txt
[1.679s] writing entry points to ../../build/hyper_teleop/hyper_teleop.egg-info/entry_points.txt
[1.680s] writing requirements to ../../build/hyper_teleop/hyper_teleop.egg-info/requires.txt
[1.680s] writing top-level names to ../../build/hyper_teleop/hyper_teleop.egg-info/top_level.txt
[1.680s] writing manifest file '../../build/hyper_teleop/hyper_teleop.egg-info/SOURCES.txt'
[1.683s] reading manifest file '../../build/hyper_teleop/hyper_teleop.egg-info/SOURCES.txt'
[1.685s] writing manifest file '../../build/hyper_teleop/hyper_teleop.egg-info/SOURCES.txt'
[1.685s] running build
[1.685s] running build_py
[1.686s] creating /home/everd/hyper_teleop_ws/build/hyper_teleop/build
[1.686s] creating /home/everd/hyper_teleop_ws/build/hyper_teleop/build/lib
[1.686s] creating /home/everd/hyper_teleop_ws/build/hyper_teleop/build/lib/hyper_teleop
[1.687s] copying hyper_teleop/teleop_node_limited.py -> /home/everd/hyper_teleop_ws/build/hyper_teleop/build/lib/hyper_teleop
[1.687s] copying hyper_teleop/__init__.py -> /home/everd/hyper_teleop_ws/build/hyper_teleop/build/lib/hyper_teleop
[1.687s] copying hyper_teleop/teleop_chimbo.py -> /home/everd/hyper_teleop_ws/build/hyper_teleop/build/lib/hyper_teleop
[1.687s] copying hyper_teleop/bridge_sus.py -> /home/everd/hyper_teleop_ws/build/hyper_teleop/build/lib/hyper_teleop
[1.688s] running install
[1.688s] running install_lib
[1.689s] creating /home/everd/hyper_teleop_ws/install/hyper_teleop/lib/python3.10/site-packages/hyper_teleop
[1.689s] copying /home/everd/hyper_teleop_ws/build/hyper_teleop/build/lib/hyper_teleop/teleop_node_limited.py -> /home/everd/hyper_teleop_ws/install/hyper_teleop/lib/python3.10/site-packages/hyper_teleop
[1.690s] copying /home/everd/hyper_teleop_ws/build/hyper_teleop/build/lib/hyper_teleop/__init__.py -> /home/everd/hyper_teleop_ws/install/hyper_teleop/lib/python3.10/site-packages/hyper_teleop
[1.690s] copying /home/everd/hyper_teleop_ws/build/hyper_teleop/build/lib/hyper_teleop/teleop_chimbo.py -> /home/everd/hyper_teleop_ws/install/hyper_teleop/lib/python3.10/site-packages/hyper_teleop
[1.690s] copying /home/everd/hyper_teleop_ws/build/hyper_teleop/build/lib/hyper_teleop/bridge_sus.py -> /home/everd/hyper_teleop_ws/install/hyper_teleop/lib/python3.10/site-packages/hyper_teleop
[1.691s] byte-compiling /home/everd/hyper_teleop_ws/install/hyper_teleop/lib/python3.10/site-packages/hyper_teleop/teleop_node_limited.py to teleop_node_limited.cpython-310.pyc
[1.693s] byte-compiling /home/everd/hyper_teleop_ws/install/hyper_teleop/lib/python3.10/site-packages/hyper_teleop/__init__.py to __init__.cpython-310.pyc
[1.694s] byte-compiling /home/everd/hyper_teleop_ws/install/hyper_teleop/lib/python3.10/site-packages/hyper_teleop/teleop_chimbo.py to teleop_chimbo.cpython-310.pyc
[1.695s] byte-compiling /home/everd/hyper_teleop_ws/install/hyper_teleop/lib/python3.10/site-packages/hyper_teleop/bridge_sus.py to bridge_sus.cpython-310.pyc
[1.697s] running install_data
[1.697s] creating /home/everd/hyper_teleop_ws/install/hyper_teleop/share/ament_index
[1.697s] creating /home/everd/hyper_teleop_ws/install/hyper_teleop/share/ament_index/resource_index
[1.697s] creating /home/everd/hyper_teleop_ws/install/hyper_teleop/share/ament_index/resource_index/packages
[1.698s] copying resource/hyper_teleop -> /home/everd/hyper_teleop_ws/install/hyper_teleop/share/ament_index/resource_index/packages
[1.698s] copying package.xml -> /home/everd/hyper_teleop_ws/install/hyper_teleop/share/hyper_teleop
[1.698s] creating /home/everd/hyper_teleop_ws/install/hyper_teleop/share/hyper_teleop/launch
[1.698s] copying launch/hyper.launch.py -> /home/everd/hyper_teleop_ws/install/hyper_teleop/share/hyper_teleop/launch
[1.699s] creating /home/everd/hyper_teleop_ws/install/hyper_teleop/share/hyper_teleop/config
[1.699s] copying config/teleop_params.yaml -> /home/everd/hyper_teleop_ws/install/hyper_teleop/share/hyper_teleop/config
[1.713s] creating /home/everd/hyper_teleop_ws/install/hyper_teleop/share/hyper_teleop/urdf
[1.714s] copying urdf/salvavidas.urdf -> /home/everd/hyper_teleop_ws/install/hyper_teleop/share/hyper_teleop/urdf
[1.714s] creating /home/everd/hyper_teleop_ws/install/hyper_teleop/share/hyper_teleop/worlds
[1.714s] copying worlds/flat_world.sdf -> /home/everd/hyper_teleop_ws/install/hyper_teleop/share/hyper_teleop/worlds
[1.714s] creating /home/everd/hyper_teleop_ws/install/hyper_teleop/share/hyper_teleop/rviz
[1.714s] copying rviz/teleop_rviz.rviz -> /home/everd/hyper_teleop_ws/install/hyper_teleop/share/hyper_teleop/rviz
[1.715s] creating /home/everd/hyper_teleop_ws/install/hyper_teleop/share/hyper_teleop/meshes
[1.715s] copying meshes/right.STL -> /home/everd/hyper_teleop_ws/install/hyper_teleop/share/hyper_teleop/meshes
[1.716s] copying meshes/base_link.STL -> /home/everd/hyper_teleop_ws/install/hyper_teleop/share/hyper_teleop/meshes
[1.720s] copying meshes/left.STL -> /home/everd/hyper_teleop_ws/install/hyper_teleop/share/hyper_teleop/meshes
[1.720s] running install_egg_info
[1.723s] Copying ../../build/hyper_teleop/hyper_teleop.egg-info to /home/everd/hyper_teleop_ws/install/hyper_teleop/lib/python3.10/site-packages/hyper_teleop-0.0.1-py3.10.egg-info
[1.725s] running install_scripts
[1.760s] Installing bridge_sus script to /home/everd/hyper_teleop_ws/install/hyper_teleop/lib/hyper_teleop
[1.760s] Installing teleop_chimbo script to /home/everd/hyper_teleop_ws/install/hyper_teleop/lib/hyper_teleop
[1.760s] writing list of installed files to '/home/everd/hyper_teleop_ws/build/hyper_teleop/install.log'
[1.798s] Invoked command in '/home/everd/hyper_teleop_ws/src/hyper_teleop' returned '0': PYTHONPATH=/home/everd/hyper_teleop_ws/build/hyper_teleop/prefix_override:/usr/lib/python3/dist-packages/colcon_core/task/python/colcon_distutils_commands:/home/everd/hyper_teleop_ws/install/hyper_teleop/lib/python3.10/site-packages:${PYTHONPATH} /usr/bin/python3 -W ignore:setup.py install is deprecated -W ignore:easy_install command is deprecated setup.py egg_info --egg-base ../../build/hyper_teleop build --build-base /home/everd/hyper_teleop_ws/build/hyper_teleop/build install --record /home/everd/hyper_teleop_ws/build/hyper_teleop/install.log --single-version-externally-managed install_data
