[1.020s] Invoking command in '/home/everd/hyper_teleop_ws/src/hyper_teleop': PYTHONPATH=/home/everd/hyper_teleop_ws/build/hyper_teleop/prefix_override:/usr/lib/python3/dist-packages/colcon_core/task/python/colcon_distutils_commands:/home/everd/hyper_teleop_ws/install/hyper_teleop/lib/python3.10/site-packages:${PYTHONPATH} /usr/bin/python3 -W ignore:setup.py install is deprecated -W ignore:easy_install command is deprecated setup.py egg_info --egg-base ../../build/hyper_teleop build --build-base /home/everd/hyper_teleop_ws/build/hyper_teleop/build install --record /home/everd/hyper_teleop_ws/build/hyper_teleop/install.log --single-version-externally-managed install_data
[1.399s] running egg_info
[1.400s] writing ../../build/hyper_teleop/hyper_teleop.egg-info/PKG-INFO
[1.400s] writing dependency_links to ../../build/hyper_teleop/hyper_teleop.egg-info/dependency_links.txt
[1.400s] writing entry points to ../../build/hyper_teleop/hyper_teleop.egg-info/entry_points.txt
[1.401s] writing requirements to ../../build/hyper_teleop/hyper_teleop.egg-info/requires.txt
[1.401s] writing top-level names to ../../build/hyper_teleop/hyper_teleop.egg-info/top_level.txt
[1.404s] reading manifest file '../../build/hyper_teleop/hyper_teleop.egg-info/SOURCES.txt'
[1.405s] writing manifest file '../../build/hyper_teleop/hyper_teleop.egg-info/SOURCES.txt'
[1.405s] running build
[1.405s] running build_py
[1.406s] running install
[1.406s] running install_lib
[1.408s] running install_data
[1.409s] copying urdf/salvavidas.urdf -> /home/everd/hyper_teleop_ws/install/hyper_teleop/share/hyper_teleop/urdf
[1.409s] running install_egg_info
[1.412s] removing '/home/everd/hyper_teleop_ws/install/hyper_teleop/lib/python3.10/site-packages/hyper_teleop-0.0.1-py3.10.egg-info' (and everything under it)
[1.412s] Copying ../../build/hyper_teleop/hyper_teleop.egg-info to /home/everd/hyper_teleop_ws/install/hyper_teleop/lib/python3.10/site-packages/hyper_teleop-0.0.1-py3.10.egg-info
[1.414s] running install_scripts
[1.445s] Installing bridge_sus script to /home/everd/hyper_teleop_ws/install/hyper_teleop/lib/hyper_teleop
[1.445s] Installing teleop_chimbo script to /home/everd/hyper_teleop_ws/install/hyper_teleop/lib/hyper_teleop
[1.446s] writing list of installed files to '/home/everd/hyper_teleop_ws/build/hyper_teleop/install.log'
[1.480s] Invoked command in '/home/everd/hyper_teleop_ws/src/hyper_teleop' returned '0': PYTHONPATH=/home/everd/hyper_teleop_ws/build/hyper_teleop/prefix_override:/usr/lib/python3/dist-packages/colcon_core/task/python/colcon_distutils_commands:/home/everd/hyper_teleop_ws/install/hyper_teleop/lib/python3.10/site-packages:${PYTHONPATH} /usr/bin/python3 -W ignore:setup.py install is deprecated -W ignore:easy_install command is deprecated setup.py egg_info --egg-base ../../build/hyper_teleop build --build-base /home/everd/hyper_teleop_ws/build/hyper_teleop/build install --record /home/everd/hyper_teleop_ws/build/hyper_teleop/install.log --single-version-externally-managed install_data
